{
  "stats": {
    "suites": 1,
    "tests": 1,
    "passes": 1,
    "pending": 0,
    "failures": 0,
    "start": "2021-12-06T23:32:00.694Z",
    "end": "2021-12-06T23:32:21.092Z",
    "duration": 20398,
    "testsRegistered": 1,
    "passPercent": 100,
    "pendingPercent": 0,
    "other": 0,
    "hasOther": false,
    "skipped": 0,
    "hasSkipped": false
  },
  "results": [
    {
      "uuid": "f3c6be8b-f0aa-49f7-9438-fc06597aff1b",
      "title": "",
      "fullFile": "cypress/integration/createUser.spec.js",
      "file": "cypress/integration/createUser.spec.js",
      "beforeHooks": [],
      "afterHooks": [],
      "tests": [],
      "suites": [
        {
          "uuid": "c89bbf19-a029-446f-b128-5f4578f11ac9",
          "title": "Create user",
          "fullFile": "",
          "file": "",
          "beforeHooks": [],
          "afterHooks": [],
          "tests": [
            {
              "title": "When entering an email, fill the form and submit, then the User must be created and redirected to My Account",
              "fullTitle": "Create user When entering an email, fill the form and submit, then the User must be created and redirected to My Account",
              "timedOut": null,
              "duration": 20273,
              "state": "passed",
              "speed": "slow",
              "pass": true,
              "fail": false,
              "pending": false,
              "context": null,
              "code": "cy.visit('/index.php?controller=authentication&back=my-account');\ncy.fillForm();\ncy.submitForm();\ncy.validateRegistration();",
              "err": {},
              "uuid": "3a3fb57e-b3ed-4e8c-bb04-fb4f39a50a7b",
              "parentUUID": "c89bbf19-a029-446f-b128-5f4578f11ac9",
              "isHook": false,
              "skipped": false
            }
          ],
          "suites": [],
          "passes": [
            "3a3fb57e-b3ed-4e8c-bb04-fb4f39a50a7b"
          ],
          "failures": [],
          "pending": [],
          "skipped": [],
          "duration": 20273,
          "root": false,
          "rootEmpty": false,
          "_timeout": 2000
        }
      ],
      "passes": [],
      "failures": [],
      "pending": [],
      "skipped": [],
      "duration": 0,
      "root": true,
      "rootEmpty": true,
      "_timeout": 2000
    }
  ],
  "meta": {
    "mocha": {
      "version": "7.0.1"
    },
    "mochawesome": {
      "options": {
        "quiet": true,
        "reportFilename": "mochawesome",
        "saveHtml": false,
        "saveJson": true,
        "consoleReporter": "spec",
        "useInlineDiffs": false,
        "code": true
      },
      "version": "7.0.1"
    },
    "marge": {
      "options": {
        "id": "default",
        "reportDir": "mochawesome-report",
        "quiet": true,
        "overwrite": false,
        "html": false,
        "json": true
      },
      "version": "6.0.1"
    }
  }
}