{
  "stats": {
    "suites": 1,
    "tests": 1,
    "passes": 1,
    "pending": 0,
    "failures": 0,
    "start": "2021-12-07T18:55:41.665Z",
    "end": "2021-12-07T18:55:57.307Z",
    "duration": 15642,
    "testsRegistered": 1,
    "passPercent": 100,
    "pendingPercent": 0,
    "other": 0,
    "hasOther": false,
    "skipped": 0,
    "hasSkipped": false
  },
  "results": [
    {
      "uuid": "754346ab-bed4-4713-8101-2a0e4cd7544a",
      "title": "",
      "fullFile": "cypress/integration/createUser.spec.js",
      "file": "cypress/integration/createUser.spec.js",
      "beforeHooks": [],
      "afterHooks": [],
      "tests": [],
      "suites": [
        {
          "uuid": "54b7de68-4b31-4562-95cf-ab4cd2f8e07d",
          "title": "Create user",
          "fullFile": "",
          "file": "",
          "beforeHooks": [],
          "afterHooks": [],
          "tests": [
            {
              "title": "When entering an email, fill the form and submit, then the User must be created and redirected to My Account",
              "fullTitle": "Create user When entering an email, fill the form and submit, then the User must be created and redirected to My Account",
              "timedOut": null,
              "duration": 15484,
              "state": "passed",
              "speed": "slow",
              "pass": true,
              "fail": false,
              "pending": false,
              "context": null,
              "code": "cy.visit('/index.php?controller=authentication&back=my-account');\ncy.fillForm();\ncy.submitForm();\ncy.validateRegistration();",
              "err": {},
              "uuid": "1c5b2358-f5f6-4f2f-aa9e-387a05418ece",
              "parentUUID": "54b7de68-4b31-4562-95cf-ab4cd2f8e07d",
              "isHook": false,
              "skipped": false
            }
          ],
          "suites": [],
          "passes": [
            "1c5b2358-f5f6-4f2f-aa9e-387a05418ece"
          ],
          "failures": [],
          "pending": [],
          "skipped": [],
          "duration": 15484,
          "root": false,
          "rootEmpty": false,
          "_timeout": 2000
        }
      ],
      "passes": [],
      "failures": [],
      "pending": [],
      "skipped": [],
      "duration": 0,
      "root": true,
      "rootEmpty": true,
      "_timeout": 2000
    }
  ],
  "meta": {
    "mocha": {
      "version": "7.0.1"
    },
    "mochawesome": {
      "options": {
        "quiet": true,
        "reportFilename": "mochawesome",
        "saveHtml": false,
        "saveJson": true,
        "consoleReporter": "spec",
        "useInlineDiffs": false,
        "code": true
      },
      "version": "7.0.1"
    },
    "marge": {
      "options": {
        "id": "default",
        "reportDir": "mochawesome-report",
        "quiet": true,
        "overwrite": false,
        "html": false,
        "json": true
      },
      "version": "6.0.1"
    }
  }
}